<?xml version="1.0" encoding="UTF-8"?>
<!-- Generated by org.testng.reporters.JUnitReportReporter -->
<testsuite hostname="Galinas-Air" name="com.sqa.gy.DataHelperTest" tests="4" failures="0" timestamp="31 Jan 2017 03:15:57 GMT" time="0.034" errors="0">
  <testcase name="testDataHelperStatic" time="0.010" classname="com.sqa.gy.DataHelperTest"/>
  <testcase name="testDataHelperInstance" time="0.005" classname="com.sqa.gy.DataHelperTest"/>
  <testcase name="testDataHelperStatic" time="0.006" classname="com.sqa.gy.DataHelperTest"/>
  <testcase name="testDataHelperInstance" time="0.013" classname="com.sqa.gy.DataHelperTest"/>
</testsuite> <!-- com.sqa.gy.DataHelperTest -->
